{
  "RSpec": {
    "coverage": {
      "/Users/heli/Projects/bookmark-manager-weds/spec/features/add_title_spec.rb": [
        null,
        null,
        null,
        null,
        null,
        null,
        null,
        null,
        null,
        null,
        null,
        null,
        null,
        null,
        null,
        null,
        null,
        null,
        null,
        null
      ],
      "/Users/heli/Projects/bookmark-manager-weds/spec/features/creating_bookmarks_spec.rb": [
        1,
        1,
        1,
        1,
        1,
        1,
        null,
        1,
        null,
        null
      ],
      "/Users/heli/Projects/bookmark-manager-weds/spec/features/deleting_a_bookmark_spec.rb": [
        1,
        1,
        1,
        1,
        1,
        null,
        1,
        null,
        1,
        1,
        null,
        null
      ],
      "/Users/heli/Projects/bookmark-manager-weds/spec/features/homepage_spec.rb": [
        1,
        1,
        1,
        1,
        null,
        null
      ],
      "/Users/heli/Projects/bookmark-manager-weds/spec/features/viewing_bookmarks_spec.rb": [
        1,
        null,
        1,
        1,
        null,
        null,
        null,
        null,
        null,
        null,
        1,
        1,
        1,
        null,
        1,
        null,
        1,
        1,
        1,
        null,
        null
      ],
      "/Users/heli/Projects/bookmark-manager-weds/spec/unit/bookmark_spec.rb": [
        1,
        1,
        1,
        null,
        1,
        1,
        1,
        null,
        null,
        null,
        null,
        null,
        null,
        1,
        1,
        1,
        null,
        1,
        null,
        1,
        1,
        1,
        1,
        1,
        null,
        null,
        null,
        null,
        null,
        null,
        null,
        1,
        1,
        1,
        1,
        null,
        1,
        1,
        1,
        1,
        null,
        null,
        null,
        1,
        1,
        1,
        null,
        1,
        null,
        1,
        null,
        null,
        null
      ],
      "/Users/heli/Projects/bookmark-manager-weds/spec/database_helpers.rb": [
        1,
        null,
        1,
        1,
        1,
        null
      ],
      "/Users/heli/Projects/bookmark-manager-weds/spec/unit/database_connection_spec.rb": [
        1,
        null,
        1,
        1,
        1,
        1,
        null,
        null,
        1,
        1,
        1,
        1,
        1,
        null,
        null,
        null,
        1,
        1,
        1,
        1,
        null,
        null,
        null
      ]
    },
    "timestamp": 1570802306
  }
}
